2023-10-11 12:01:26,710 - INFO - Success for the video data/auto_layout/crossing/crossing_KS_132_act2.avi
2023-10-11 12:01:26,732 - INFO - Success for the video data/auto_layout/crossing/crossing_KS_116_act2.avi
2023-10-11 12:01:26,752 - INFO - Success for the video data/auto_layout/crossing/crossing_KS_91_act1.avi
2023-10-11 12:01:26,774 - INFO - Success for the video data/auto_layout/crossing/crossing_KS_62_act2.avi
2023-10-11 12:01:26,787 - INFO - Success for the video data/auto_layout/crossing/crossing_KS_27_act2.avi
2023-10-11 12:01:26,804 - INFO - Success for the video data/auto_layout/crossing/crossing_KS_1_act1.avi
2023-10-11 12:01:26,829 - INFO - Success for the video data/auto_layout/defence/defence_KS_16_act3.avi
2023-10-11 12:01:26,854 - INFO - Success for the video data/auto_layout/defence/defence_KS_11_act1.avi
2023-10-11 12:01:26,882 - INFO - Success for the video data/auto_layout/defence/defence_KS_5_act1.avi
2023-10-11 12:01:26,907 - INFO - Success for the video data/auto_layout/defence/defence_KS_1_act1.avi
2023-10-11 12:01:26,922 - INFO - Success for the video data/auto_layout/dribbling/dribbling_KS_24_act1.avi
2023-10-11 12:01:26,960 - INFO - Success for the video data/auto_layout/dribbling/dribbling_KS_16_act1.avi
2023-10-11 12:01:26,974 - INFO - Success for the video data/auto_layout/dribbling/dribbling_KS_8_act1.avi
2023-10-11 12:01:26,980 - INFO - Success for the video data/auto_layout/dribbling/dribbling_KS_2_act1.avi
2023-10-11 12:01:27,000 - INFO - Success for the video data/auto_layout/jump-shot/jump-shot_KS_116_act1.avi
2023-10-11 12:01:27,009 - INFO - Success for the video data/auto_layout/jump-shot/jump-shot_KS_161_act1.avi
2023-10-11 12:01:27,020 - INFO - Success for the video data/auto_layout/jump-shot/jump-shot_KS_213_act1.avi
2023-10-11 12:01:27,036 - INFO - Success for the video data/auto_layout/jump-shot/jump-shot_KS_250_act1.avi
2023-10-11 12:01:27,063 - INFO - Success for the video data/auto_layout/jump-shot/jump-shot_KS_306_act1.avi
2023-10-11 12:01:27,077 - INFO - Success for the video data/auto_layout/jump-shot/jump-shot_KS_33_act1.avi
2023-10-11 12:01:27,095 - INFO - Success for the video data/auto_layout/jump-shot/jump-shot_KS_341_act1.avi
2023-10-11 12:01:27,113 - INFO - Success for the video data/auto_layout/jump-shot/jump-shot_KS_380_act1.avi
2023-10-11 12:01:27,122 - INFO - Success for the video data/auto_layout/jump-shot/jump-shot_KS_75_act1.avi
2023-10-11 12:01:27,134 - INFO - Success for the video data/auto_layout/passing/passing_KS_11_act1.avi
2023-10-11 12:01:27,142 - INFO - Success for the video data/auto_layout/passing/passing_KS_126_act2.avi
2023-10-11 12:01:27,152 - INFO - Success for the video data/auto_layout/passing/passing_KS_22_act1.avi
2023-10-11 12:01:27,166 - INFO - Success for the video data/auto_layout/passing/passing_KS_41_act1.avi
2023-10-11 12:01:27,177 - INFO - Success for the video data/auto_layout/passing/passing_KS_54_act3.avi
2023-10-11 12:01:27,184 - INFO - Success for the video data/auto_layout/passing/passing_KS_77_act2.avi
2023-10-11 12:01:27,195 - INFO - Success for the video data/auto_layout/passing/passing_KS_85_act1.avi
2023-10-11 12:01:27,212 - INFO - Success for the video data/auto_layout/running/running_KS_48_act1.avi
2023-10-11 12:01:27,229 - INFO - Success for the video data/auto_layout/running/running_KS_51_act2.avi
2023-10-11 12:01:27,263 - INFO - Success for the video data/auto_layout/running/running_KS_53_act2.avi
2023-10-11 12:01:27,297 - INFO - Success for the video data/auto_layout/running/running_KS_55_act2.avi
2023-10-11 12:01:27,316 - INFO - Success for the video data/auto_layout/shot/shot_KS_104_act1.avi
2023-10-11 12:01:27,330 - INFO - Success for the video data/auto_layout/shot/shot_KS_24_act1.avi
2023-10-11 12:01:27,341 - INFO - Success for the video data/auto_layout/shot/shot_KS_41_act1.avi
2023-10-11 12:01:27,351 - INFO - Success for the video data/auto_layout/shot/shot_KS_4_act1.avi
2023-10-11 12:01:27,372 - INFO - Success for the video data/auto_layout/shot/shot_KS_61_act1.avi
2023-10-11 12:01:27,394 - INFO - Success for the video data/auto_layout/shot/shot_KS_78_act1.avi
2023-10-11 18:29:12,130 - INFO - Success for the video data/processed/auto_labeling/crossing/crossing_KS_132_act2.avi
2023-10-11 18:29:12,155 - INFO - Success for the video data/processed/auto_labeling/crossing/crossing_KS_116_act2.avi
2023-10-11 18:29:12,175 - INFO - Success for the video data/processed/auto_labeling/crossing/crossing_KS_91_act1.avi
2023-10-11 18:29:12,198 - INFO - Success for the video data/processed/auto_labeling/crossing/crossing_KS_62_act2.avi
2023-10-11 18:29:12,211 - INFO - Success for the video data/processed/auto_labeling/crossing/crossing_KS_27_act2.avi
2023-10-11 18:29:12,228 - INFO - Success for the video data/processed/auto_labeling/crossing/crossing_KS_1_act1.avi
2023-10-11 18:29:12,253 - INFO - Success for the video data/processed/auto_labeling/defence/defence_KS_16_act3.avi
2023-10-11 18:29:12,279 - INFO - Success for the video data/processed/auto_labeling/defence/defence_KS_11_act1.avi
2023-10-11 18:29:12,307 - INFO - Success for the video data/processed/auto_labeling/defence/defence_KS_5_act1.avi
2023-10-11 18:29:12,333 - INFO - Success for the video data/processed/auto_labeling/defence/defence_KS_1_act1.avi
2023-10-11 18:29:12,347 - INFO - Success for the video data/processed/auto_labeling/dribbling/dribbling_KS_24_act1.avi
2023-10-11 18:29:12,386 - INFO - Success for the video data/processed/auto_labeling/dribbling/dribbling_KS_16_act1.avi
2023-10-11 18:29:12,400 - INFO - Success for the video data/processed/auto_labeling/dribbling/dribbling_KS_8_act1.avi
2023-10-11 18:29:12,406 - INFO - Success for the video data/processed/auto_labeling/dribbling/dribbling_KS_2_act1.avi
2023-10-11 18:29:12,427 - INFO - Success for the video data/processed/auto_labeling/jump-shot/jump-shot_KS_116_act1.avi
2023-10-11 18:29:12,435 - INFO - Success for the video data/processed/auto_labeling/jump-shot/jump-shot_KS_161_act1.avi
2023-10-11 18:29:12,447 - INFO - Success for the video data/processed/auto_labeling/jump-shot/jump-shot_KS_213_act1.avi
2023-10-11 18:29:12,462 - INFO - Success for the video data/processed/auto_labeling/jump-shot/jump-shot_KS_250_act1.avi
2023-10-11 18:29:12,490 - INFO - Success for the video data/processed/auto_labeling/jump-shot/jump-shot_KS_306_act1.avi
2023-10-11 18:29:12,505 - INFO - Success for the video data/processed/auto_labeling/jump-shot/jump-shot_KS_33_act1.avi
2023-10-11 18:29:12,523 - INFO - Success for the video data/processed/auto_labeling/jump-shot/jump-shot_KS_341_act1.avi
2023-10-11 18:29:12,541 - INFO - Success for the video data/processed/auto_labeling/jump-shot/jump-shot_KS_380_act1.avi
2023-10-11 18:29:12,550 - INFO - Success for the video data/processed/auto_labeling/jump-shot/jump-shot_KS_75_act1.avi
2023-10-11 18:29:12,562 - INFO - Success for the video data/processed/auto_labeling/passing/passing_KS_11_act1.avi
2023-10-11 18:29:12,571 - INFO - Success for the video data/processed/auto_labeling/passing/passing_KS_126_act2.avi
2023-10-11 18:29:12,581 - INFO - Success for the video data/processed/auto_labeling/passing/passing_KS_22_act1.avi
2023-10-11 18:29:12,595 - INFO - Success for the video data/processed/auto_labeling/passing/passing_KS_41_act1.avi
2023-10-11 18:29:12,606 - INFO - Success for the video data/processed/auto_labeling/passing/passing_KS_54_act3.avi
2023-10-11 18:29:12,613 - INFO - Success for the video data/processed/auto_labeling/passing/passing_KS_77_act2.avi
2023-10-11 18:29:12,625 - INFO - Success for the video data/processed/auto_labeling/passing/passing_KS_85_act1.avi
2023-10-11 18:29:12,642 - INFO - Success for the video data/processed/auto_labeling/running/running_KS_48_act1.avi
2023-10-11 18:29:12,659 - INFO - Success for the video data/processed/auto_labeling/running/running_KS_51_act2.avi
2023-10-11 18:29:12,693 - INFO - Success for the video data/processed/auto_labeling/running/running_KS_53_act2.avi
2023-10-11 18:29:12,728 - INFO - Success for the video data/processed/auto_labeling/running/running_KS_55_act2.avi
2023-10-11 18:29:12,747 - INFO - Success for the video data/processed/auto_labeling/shot/shot_KS_104_act1.avi
2023-10-11 18:29:12,761 - INFO - Success for the video data/processed/auto_labeling/shot/shot_KS_24_act1.avi
2023-10-11 18:29:12,773 - INFO - Success for the video data/processed/auto_labeling/shot/shot_KS_41_act1.avi
2023-10-11 18:29:12,783 - INFO - Success for the video data/processed/auto_labeling/shot/shot_KS_4_act1.avi
2023-10-11 18:29:12,804 - INFO - Success for the video data/processed/auto_labeling/shot/shot_KS_61_act1.avi
2023-10-11 18:29:12,826 - INFO - Success for the video data/processed/auto_labeling/shot/shot_KS_78_act1.avi
2023-10-11 19:36:24,095 - INFO - Success for the video data/processed/auto_labeling/crossing/crossing_KS_132_act2.avi
2023-10-11 19:36:24,115 - INFO - Success for the video data/processed/auto_labeling/crossing/crossing_KS_116_act2.avi
2023-10-11 19:36:24,136 - INFO - Success for the video data/processed/auto_labeling/crossing/crossing_KS_91_act1.avi
2023-10-11 19:36:24,158 - INFO - Success for the video data/processed/auto_labeling/crossing/crossing_KS_62_act2.avi
2023-10-11 19:36:24,170 - INFO - Success for the video data/processed/auto_labeling/crossing/crossing_KS_27_act2.avi
2023-10-11 19:36:24,188 - INFO - Success for the video data/processed/auto_labeling/crossing/crossing_KS_1_act1.avi
2023-10-11 19:36:24,213 - INFO - Success for the video data/processed/auto_labeling/defence/defence_KS_16_act3.avi
2023-10-11 19:36:24,239 - INFO - Success for the video data/processed/auto_labeling/defence/defence_KS_11_act1.avi
2023-10-11 19:36:24,268 - INFO - Success for the video data/processed/auto_labeling/defence/defence_KS_5_act1.avi
2023-10-11 19:36:24,293 - INFO - Success for the video data/processed/auto_labeling/defence/defence_KS_1_act1.avi
2023-10-11 19:36:24,308 - INFO - Success for the video data/processed/auto_labeling/dribbling/dribbling_KS_24_act1.avi
2023-10-11 19:36:24,347 - INFO - Success for the video data/processed/auto_labeling/dribbling/dribbling_KS_16_act1.avi
2023-10-11 19:36:24,361 - INFO - Success for the video data/processed/auto_labeling/dribbling/dribbling_KS_8_act1.avi
2023-10-11 19:36:24,367 - INFO - Success for the video data/processed/auto_labeling/dribbling/dribbling_KS_2_act1.avi
2023-10-11 19:36:24,387 - INFO - Success for the video data/processed/auto_labeling/jump-shot/jump-shot_KS_116_act1.avi
2023-10-11 19:36:24,396 - INFO - Success for the video data/processed/auto_labeling/jump-shot/jump-shot_KS_161_act1.avi
2023-10-11 19:36:24,407 - INFO - Success for the video data/processed/auto_labeling/jump-shot/jump-shot_KS_213_act1.avi
2023-10-11 19:36:24,422 - INFO - Success for the video data/processed/auto_labeling/jump-shot/jump-shot_KS_250_act1.avi
2023-10-11 19:36:24,450 - INFO - Success for the video data/processed/auto_labeling/jump-shot/jump-shot_KS_306_act1.avi
2023-10-11 19:36:24,465 - INFO - Success for the video data/processed/auto_labeling/jump-shot/jump-shot_KS_33_act1.avi
2023-10-11 19:36:24,482 - INFO - Success for the video data/processed/auto_labeling/jump-shot/jump-shot_KS_341_act1.avi
2023-10-11 19:36:24,501 - INFO - Success for the video data/processed/auto_labeling/jump-shot/jump-shot_KS_380_act1.avi
2023-10-11 19:36:24,510 - INFO - Success for the video data/processed/auto_labeling/jump-shot/jump-shot_KS_75_act1.avi
2023-10-11 19:36:24,521 - INFO - Success for the video data/processed/auto_labeling/passing/passing_KS_11_act1.avi
2023-10-11 19:36:24,530 - INFO - Success for the video data/processed/auto_labeling/passing/passing_KS_126_act2.avi
2023-10-11 19:36:24,540 - INFO - Success for the video data/processed/auto_labeling/passing/passing_KS_22_act1.avi
2023-10-11 19:36:24,554 - INFO - Success for the video data/processed/auto_labeling/passing/passing_KS_41_act1.avi
2023-10-11 19:36:24,566 - INFO - Success for the video data/processed/auto_labeling/passing/passing_KS_54_act3.avi
2023-10-11 19:36:24,573 - INFO - Success for the video data/processed/auto_labeling/passing/passing_KS_77_act2.avi
2023-10-11 19:36:24,585 - INFO - Success for the video data/processed/auto_labeling/passing/passing_KS_85_act1.avi
2023-10-11 19:36:24,602 - INFO - Success for the video data/processed/auto_labeling/running/running_KS_48_act1.avi
2023-10-11 19:36:24,619 - INFO - Success for the video data/processed/auto_labeling/running/running_KS_51_act2.avi
2023-10-11 19:36:24,653 - INFO - Success for the video data/processed/auto_labeling/running/running_KS_53_act2.avi
2023-10-11 19:36:24,687 - INFO - Success for the video data/processed/auto_labeling/running/running_KS_55_act2.avi
2023-10-11 19:36:24,706 - INFO - Success for the video data/processed/auto_labeling/shot/shot_KS_104_act1.avi
2023-10-11 19:36:24,721 - INFO - Success for the video data/processed/auto_labeling/shot/shot_KS_24_act1.avi
2023-10-11 19:36:24,733 - INFO - Success for the video data/processed/auto_labeling/shot/shot_KS_41_act1.avi
2023-10-11 19:36:24,743 - INFO - Success for the video data/processed/auto_labeling/shot/shot_KS_4_act1.avi
2023-10-11 19:36:24,763 - INFO - Success for the video data/processed/auto_labeling/shot/shot_KS_61_act1.avi
2023-10-11 19:36:24,785 - INFO - Success for the video data/processed/auto_labeling/shot/shot_KS_78_act1.avi
2023-10-11 19:38:06,367 - INFO - Success for the video data/processed/auto_labeling/crossing/crossing_KS_132_act2.avi
2023-10-11 19:38:06,392 - INFO - Success for the video data/processed/auto_labeling/crossing/crossing_KS_116_act2.avi
2023-10-11 19:38:06,412 - INFO - Success for the video data/processed/auto_labeling/crossing/crossing_KS_91_act1.avi
2023-10-11 19:38:06,435 - INFO - Success for the video data/processed/auto_labeling/crossing/crossing_KS_62_act2.avi
2023-10-11 19:38:06,447 - INFO - Success for the video data/processed/auto_labeling/crossing/crossing_KS_27_act2.avi
2023-10-11 19:38:06,465 - INFO - Success for the video data/processed/auto_labeling/crossing/crossing_KS_1_act1.avi
2023-10-11 19:38:06,490 - INFO - Success for the video data/processed/auto_labeling/defence/defence_KS_16_act3.avi
2023-10-11 19:38:06,514 - INFO - Success for the video data/processed/auto_labeling/defence/defence_KS_11_act1.avi
2023-10-11 19:38:06,542 - INFO - Success for the video data/processed/auto_labeling/defence/defence_KS_5_act1.avi
2023-10-11 19:38:06,571 - INFO - Success for the video data/processed/auto_labeling/defence/defence_KS_1_act1.avi
2023-10-11 19:38:06,585 - INFO - Success for the video data/processed/auto_labeling/dribbling/dribbling_KS_24_act1.avi
2023-10-11 19:38:06,624 - INFO - Success for the video data/processed/auto_labeling/dribbling/dribbling_KS_16_act1.avi
2023-10-11 19:38:06,637 - INFO - Success for the video data/processed/auto_labeling/dribbling/dribbling_KS_8_act1.avi
2023-10-11 19:38:06,644 - INFO - Success for the video data/processed/auto_labeling/dribbling/dribbling_KS_2_act1.avi
2023-10-11 19:38:06,664 - INFO - Success for the video data/processed/auto_labeling/jump-shot/jump-shot_KS_116_act1.avi
2023-10-11 19:38:06,672 - INFO - Success for the video data/processed/auto_labeling/jump-shot/jump-shot_KS_161_act1.avi
2023-10-11 19:38:06,683 - INFO - Success for the video data/processed/auto_labeling/jump-shot/jump-shot_KS_213_act1.avi
2023-10-11 19:38:06,698 - INFO - Success for the video data/processed/auto_labeling/jump-shot/jump-shot_KS_250_act1.avi
2023-10-11 19:38:06,727 - INFO - Success for the video data/processed/auto_labeling/jump-shot/jump-shot_KS_306_act1.avi
2023-10-11 19:38:06,741 - INFO - Success for the video data/processed/auto_labeling/jump-shot/jump-shot_KS_33_act1.avi
2023-10-11 19:38:06,759 - INFO - Success for the video data/processed/auto_labeling/jump-shot/jump-shot_KS_341_act1.avi
2023-10-11 19:38:06,777 - INFO - Success for the video data/processed/auto_labeling/jump-shot/jump-shot_KS_380_act1.avi
2023-10-11 19:38:06,786 - INFO - Success for the video data/processed/auto_labeling/jump-shot/jump-shot_KS_75_act1.avi
2023-10-11 19:38:06,797 - INFO - Success for the video data/processed/auto_labeling/passing/passing_KS_11_act1.avi
2023-10-11 19:38:06,806 - INFO - Success for the video data/processed/auto_labeling/passing/passing_KS_126_act2.avi
2023-10-11 19:38:06,815 - INFO - Success for the video data/processed/auto_labeling/passing/passing_KS_22_act1.avi
2023-10-11 19:38:06,829 - INFO - Success for the video data/processed/auto_labeling/passing/passing_KS_41_act1.avi
2023-10-11 19:38:06,841 - INFO - Success for the video data/processed/auto_labeling/passing/passing_KS_54_act3.avi
2023-10-11 19:38:06,847 - INFO - Success for the video data/processed/auto_labeling/passing/passing_KS_77_act2.avi
2023-10-11 19:38:06,858 - INFO - Success for the video data/processed/auto_labeling/passing/passing_KS_85_act1.avi
2023-10-11 19:38:06,877 - INFO - Success for the video data/processed/auto_labeling/running/running_KS_48_act1.avi
2023-10-11 19:38:06,894 - INFO - Success for the video data/processed/auto_labeling/running/running_KS_51_act2.avi
2023-10-11 19:38:06,927 - INFO - Success for the video data/processed/auto_labeling/running/running_KS_53_act2.avi
2023-10-11 19:38:06,962 - INFO - Success for the video data/processed/auto_labeling/running/running_KS_55_act2.avi
2023-10-11 19:38:06,981 - INFO - Success for the video data/processed/auto_labeling/shot/shot_KS_104_act1.avi
2023-10-11 19:38:06,995 - INFO - Success for the video data/processed/auto_labeling/shot/shot_KS_24_act1.avi
2023-10-11 19:38:07,006 - INFO - Success for the video data/processed/auto_labeling/shot/shot_KS_41_act1.avi
2023-10-11 19:38:07,016 - INFO - Success for the video data/processed/auto_labeling/shot/shot_KS_4_act1.avi
2023-10-11 19:38:07,037 - INFO - Success for the video data/processed/auto_labeling/shot/shot_KS_61_act1.avi
2023-10-11 19:38:07,059 - INFO - Success for the video data/processed/auto_labeling/shot/shot_KS_78_act1.avi
2023-10-11 19:44:17,196 - INFO - Success for the video data/processed/auto_labeling/crossing/crossing_KS_132_act2.avi
2023-10-11 19:44:17,216 - INFO - Success for the video data/processed/auto_labeling/crossing/crossing_KS_116_act2.avi
2023-10-11 19:44:17,237 - INFO - Success for the video data/processed/auto_labeling/crossing/crossing_KS_91_act1.avi
2023-10-11 19:44:17,259 - INFO - Success for the video data/processed/auto_labeling/crossing/crossing_KS_62_act2.avi
2023-10-11 19:44:17,272 - INFO - Success for the video data/processed/auto_labeling/crossing/crossing_KS_27_act2.avi
2023-10-11 19:44:17,289 - INFO - Success for the video data/processed/auto_labeling/crossing/crossing_KS_1_act1.avi
2023-10-11 19:44:17,314 - INFO - Success for the video data/processed/auto_labeling/defence/defence_KS_16_act3.avi
2023-10-11 19:44:17,339 - INFO - Success for the video data/processed/auto_labeling/defence/defence_KS_11_act1.avi
2023-10-11 19:44:17,367 - INFO - Success for the video data/processed/auto_labeling/defence/defence_KS_5_act1.avi
2023-10-11 19:44:17,393 - INFO - Success for the video data/processed/auto_labeling/defence/defence_KS_1_act1.avi
2023-10-11 19:44:17,407 - INFO - Success for the video data/processed/auto_labeling/dribbling/dribbling_KS_24_act1.avi
2023-10-11 19:44:17,446 - INFO - Success for the video data/processed/auto_labeling/dribbling/dribbling_KS_16_act1.avi
2023-10-11 19:44:17,460 - INFO - Success for the video data/processed/auto_labeling/dribbling/dribbling_KS_8_act1.avi
2023-10-11 19:44:17,466 - INFO - Success for the video data/processed/auto_labeling/dribbling/dribbling_KS_2_act1.avi
2023-10-11 19:44:17,486 - INFO - Success for the video data/processed/auto_labeling/jump-shot/jump-shot_KS_116_act1.avi
2023-10-11 19:44:17,494 - INFO - Success for the video data/processed/auto_labeling/jump-shot/jump-shot_KS_161_act1.avi
2023-10-11 19:44:17,506 - INFO - Success for the video data/processed/auto_labeling/jump-shot/jump-shot_KS_213_act1.avi
2023-10-11 19:44:17,522 - INFO - Success for the video data/processed/auto_labeling/jump-shot/jump-shot_KS_250_act1.avi
2023-10-11 19:44:17,549 - INFO - Success for the video data/processed/auto_labeling/jump-shot/jump-shot_KS_306_act1.avi
2023-10-11 19:44:17,564 - INFO - Success for the video data/processed/auto_labeling/jump-shot/jump-shot_KS_33_act1.avi
2023-10-11 19:44:17,581 - INFO - Success for the video data/processed/auto_labeling/jump-shot/jump-shot_KS_341_act1.avi
2023-10-11 19:44:17,600 - INFO - Success for the video data/processed/auto_labeling/jump-shot/jump-shot_KS_380_act1.avi
2023-10-11 19:44:17,609 - INFO - Success for the video data/processed/auto_labeling/jump-shot/jump-shot_KS_75_act1.avi
2023-10-11 19:44:17,621 - INFO - Success for the video data/processed/auto_labeling/passing/passing_KS_11_act1.avi
2023-10-11 19:44:17,629 - INFO - Success for the video data/processed/auto_labeling/passing/passing_KS_126_act2.avi
2023-10-11 19:44:17,639 - INFO - Success for the video data/processed/auto_labeling/passing/passing_KS_22_act1.avi
2023-10-11 19:44:17,653 - INFO - Success for the video data/processed/auto_labeling/passing/passing_KS_41_act1.avi
2023-10-11 19:44:17,664 - INFO - Success for the video data/processed/auto_labeling/passing/passing_KS_54_act3.avi
2023-10-11 19:44:17,671 - INFO - Success for the video data/processed/auto_labeling/passing/passing_KS_77_act2.avi
2023-10-11 19:44:17,682 - INFO - Success for the video data/processed/auto_labeling/passing/passing_KS_85_act1.avi
2023-10-11 19:44:17,699 - INFO - Success for the video data/processed/auto_labeling/running/running_KS_48_act1.avi
2023-10-11 19:44:17,717 - INFO - Success for the video data/processed/auto_labeling/running/running_KS_51_act2.avi
2023-10-11 19:44:17,752 - INFO - Success for the video data/processed/auto_labeling/running/running_KS_53_act2.avi
2023-10-11 19:44:17,789 - INFO - Success for the video data/processed/auto_labeling/running/running_KS_55_act2.avi
2023-10-11 19:44:17,808 - INFO - Success for the video data/processed/auto_labeling/shot/shot_KS_104_act1.avi
2023-10-11 19:44:17,822 - INFO - Success for the video data/processed/auto_labeling/shot/shot_KS_24_act1.avi
2023-10-11 19:44:17,834 - INFO - Success for the video data/processed/auto_labeling/shot/shot_KS_41_act1.avi
2023-10-11 19:44:17,844 - INFO - Success for the video data/processed/auto_labeling/shot/shot_KS_4_act1.avi
2023-10-11 19:44:17,865 - INFO - Success for the video data/processed/auto_labeling/shot/shot_KS_61_act1.avi
2023-10-11 19:44:17,887 - INFO - Success for the video data/processed/auto_labeling/shot/shot_KS_78_act1.avi
2023-10-11 19:46:15,912 - INFO - Success for the video data/processed/auto_labeling/crossing/crossing_KS_132_act2.avi
2023-10-11 19:46:15,933 - INFO - Success for the video data/processed/auto_labeling/crossing/crossing_KS_116_act2.avi
2023-10-11 19:46:15,953 - INFO - Success for the video data/processed/auto_labeling/crossing/crossing_KS_91_act1.avi
2023-10-11 19:46:15,976 - INFO - Success for the video data/processed/auto_labeling/crossing/crossing_KS_62_act2.avi
2023-10-11 19:46:15,988 - INFO - Success for the video data/processed/auto_labeling/crossing/crossing_KS_27_act2.avi
2023-10-11 19:46:16,006 - INFO - Success for the video data/processed/auto_labeling/crossing/crossing_KS_1_act1.avi
2023-10-11 19:46:16,030 - INFO - Success for the video data/processed/auto_labeling/defence/defence_KS_16_act3.avi
2023-10-11 19:46:16,055 - INFO - Success for the video data/processed/auto_labeling/defence/defence_KS_11_act1.avi
2023-10-11 19:46:16,083 - INFO - Success for the video data/processed/auto_labeling/defence/defence_KS_5_act1.avi
2023-10-11 19:46:16,109 - INFO - Success for the video data/processed/auto_labeling/defence/defence_KS_1_act1.avi
2023-10-11 19:46:16,123 - INFO - Success for the video data/processed/auto_labeling/dribbling/dribbling_KS_24_act1.avi
2023-10-11 19:46:16,161 - INFO - Success for the video data/processed/auto_labeling/dribbling/dribbling_KS_16_act1.avi
2023-10-11 19:46:16,175 - INFO - Success for the video data/processed/auto_labeling/dribbling/dribbling_KS_8_act1.avi
2023-10-11 19:46:16,182 - INFO - Success for the video data/processed/auto_labeling/dribbling/dribbling_KS_2_act1.avi
2023-10-11 19:46:16,202 - INFO - Success for the video data/processed/auto_labeling/jump-shot/jump-shot_KS_116_act1.avi
2023-10-11 19:46:16,210 - INFO - Success for the video data/processed/auto_labeling/jump-shot/jump-shot_KS_161_act1.avi
2023-10-11 19:46:16,221 - INFO - Success for the video data/processed/auto_labeling/jump-shot/jump-shot_KS_213_act1.avi
2023-10-11 19:46:16,237 - INFO - Success for the video data/processed/auto_labeling/jump-shot/jump-shot_KS_250_act1.avi
2023-10-11 19:46:16,264 - INFO - Success for the video data/processed/auto_labeling/jump-shot/jump-shot_KS_306_act1.avi
2023-10-11 19:46:16,279 - INFO - Success for the video data/processed/auto_labeling/jump-shot/jump-shot_KS_33_act1.avi
2023-10-11 19:46:16,297 - INFO - Success for the video data/processed/auto_labeling/jump-shot/jump-shot_KS_341_act1.avi
2023-10-11 19:46:16,316 - INFO - Success for the video data/processed/auto_labeling/jump-shot/jump-shot_KS_380_act1.avi
2023-10-11 19:46:16,325 - INFO - Success for the video data/processed/auto_labeling/jump-shot/jump-shot_KS_75_act1.avi
2023-10-11 19:46:16,336 - INFO - Success for the video data/processed/auto_labeling/passing/passing_KS_11_act1.avi
2023-10-11 19:46:16,345 - INFO - Success for the video data/processed/auto_labeling/passing/passing_KS_126_act2.avi
2023-10-11 19:46:16,354 - INFO - Success for the video data/processed/auto_labeling/passing/passing_KS_22_act1.avi
2023-10-11 19:46:16,368 - INFO - Success for the video data/processed/auto_labeling/passing/passing_KS_41_act1.avi
2023-10-11 19:46:16,379 - INFO - Success for the video data/processed/auto_labeling/passing/passing_KS_54_act3.avi
2023-10-11 19:46:16,386 - INFO - Success for the video data/processed/auto_labeling/passing/passing_KS_77_act2.avi
2023-10-11 19:46:16,398 - INFO - Success for the video data/processed/auto_labeling/passing/passing_KS_85_act1.avi
2023-10-11 19:46:16,415 - INFO - Success for the video data/processed/auto_labeling/running/running_KS_48_act1.avi
2023-10-11 19:46:16,432 - INFO - Success for the video data/processed/auto_labeling/running/running_KS_51_act2.avi
2023-10-11 19:46:16,467 - INFO - Success for the video data/processed/auto_labeling/running/running_KS_53_act2.avi
2023-10-11 19:46:16,502 - INFO - Success for the video data/processed/auto_labeling/running/running_KS_55_act2.avi
2023-10-11 19:46:16,521 - INFO - Success for the video data/processed/auto_labeling/shot/shot_KS_104_act1.avi
2023-10-11 19:46:16,535 - INFO - Success for the video data/processed/auto_labeling/shot/shot_KS_24_act1.avi
2023-10-11 19:46:16,547 - INFO - Success for the video data/processed/auto_labeling/shot/shot_KS_41_act1.avi
2023-10-11 19:46:16,557 - INFO - Success for the video data/processed/auto_labeling/shot/shot_KS_4_act1.avi
2023-10-11 19:46:16,578 - INFO - Success for the video data/processed/auto_labeling/shot/shot_KS_61_act1.avi
2023-10-11 19:46:16,600 - INFO - Success for the video data/processed/auto_labeling/shot/shot_KS_78_act1.avi
2023-10-11 19:53:07,518 - INFO - Success for the video data/processed/auto_labeling/crossing/crossing_KS_132_act2.avi
2023-10-11 19:53:07,537 - INFO - Success for the video data/processed/auto_labeling/crossing/crossing_KS_116_act2.avi
2023-10-11 19:53:07,558 - INFO - Success for the video data/processed/auto_labeling/crossing/crossing_KS_91_act1.avi
2023-10-11 19:53:07,580 - INFO - Success for the video data/processed/auto_labeling/crossing/crossing_KS_62_act2.avi
2023-10-11 19:53:07,593 - INFO - Success for the video data/processed/auto_labeling/crossing/crossing_KS_27_act2.avi
2023-10-11 19:53:07,610 - INFO - Success for the video data/processed/auto_labeling/crossing/crossing_KS_1_act1.avi
2023-10-11 19:53:07,635 - INFO - Success for the video data/processed/auto_labeling/defence/defence_KS_16_act3.avi
2023-10-11 19:53:07,660 - INFO - Success for the video data/processed/auto_labeling/defence/defence_KS_11_act1.avi
2023-10-11 19:53:07,687 - INFO - Success for the video data/processed/auto_labeling/defence/defence_KS_5_act1.avi
2023-10-11 19:53:07,713 - INFO - Success for the video data/processed/auto_labeling/defence/defence_KS_1_act1.avi
2023-10-11 19:53:07,727 - INFO - Success for the video data/processed/auto_labeling/dribbling/dribbling_KS_24_act1.avi
2023-10-11 19:53:07,766 - INFO - Success for the video data/processed/auto_labeling/dribbling/dribbling_KS_16_act1.avi
2023-10-11 19:53:07,779 - INFO - Success for the video data/processed/auto_labeling/dribbling/dribbling_KS_8_act1.avi
2023-10-11 19:53:07,786 - INFO - Success for the video data/processed/auto_labeling/dribbling/dribbling_KS_2_act1.avi
2023-10-11 19:53:07,806 - INFO - Success for the video data/processed/auto_labeling/jump-shot/jump-shot_KS_116_act1.avi
2023-10-11 19:53:07,814 - INFO - Success for the video data/processed/auto_labeling/jump-shot/jump-shot_KS_161_act1.avi
2023-10-11 19:53:07,825 - INFO - Success for the video data/processed/auto_labeling/jump-shot/jump-shot_KS_213_act1.avi
2023-10-11 19:53:07,841 - INFO - Success for the video data/processed/auto_labeling/jump-shot/jump-shot_KS_250_act1.avi
2023-10-11 19:53:07,868 - INFO - Success for the video data/processed/auto_labeling/jump-shot/jump-shot_KS_306_act1.avi
2023-10-11 19:53:07,883 - INFO - Success for the video data/processed/auto_labeling/jump-shot/jump-shot_KS_33_act1.avi
2023-10-11 19:53:07,901 - INFO - Success for the video data/processed/auto_labeling/jump-shot/jump-shot_KS_341_act1.avi
2023-10-11 19:53:07,919 - INFO - Success for the video data/processed/auto_labeling/jump-shot/jump-shot_KS_380_act1.avi
2023-10-11 19:53:07,928 - INFO - Success for the video data/processed/auto_labeling/jump-shot/jump-shot_KS_75_act1.avi
2023-10-11 19:53:07,939 - INFO - Success for the video data/processed/auto_labeling/passing/passing_KS_11_act1.avi
2023-10-11 19:53:07,949 - INFO - Success for the video data/processed/auto_labeling/passing/passing_KS_126_act2.avi
2023-10-11 19:53:07,958 - INFO - Success for the video data/processed/auto_labeling/passing/passing_KS_22_act1.avi
2023-10-11 19:53:07,972 - INFO - Success for the video data/processed/auto_labeling/passing/passing_KS_41_act1.avi
2023-10-11 19:53:07,983 - INFO - Success for the video data/processed/auto_labeling/passing/passing_KS_54_act3.avi
2023-10-11 19:53:07,990 - INFO - Success for the video data/processed/auto_labeling/passing/passing_KS_77_act2.avi
2023-10-11 19:53:08,001 - INFO - Success for the video data/processed/auto_labeling/passing/passing_KS_85_act1.avi
2023-10-11 19:53:08,019 - INFO - Success for the video data/processed/auto_labeling/running/running_KS_48_act1.avi
2023-10-11 19:53:08,035 - INFO - Success for the video data/processed/auto_labeling/running/running_KS_51_act2.avi
2023-10-11 19:53:08,069 - INFO - Success for the video data/processed/auto_labeling/running/running_KS_53_act2.avi
2023-10-11 19:53:08,104 - INFO - Success for the video data/processed/auto_labeling/running/running_KS_55_act2.avi
2023-10-11 19:53:08,123 - INFO - Success for the video data/processed/auto_labeling/shot/shot_KS_104_act1.avi
2023-10-11 19:53:08,138 - INFO - Success for the video data/processed/auto_labeling/shot/shot_KS_24_act1.avi
2023-10-11 19:53:08,150 - INFO - Success for the video data/processed/auto_labeling/shot/shot_KS_41_act1.avi
2023-10-11 19:53:08,160 - INFO - Success for the video data/processed/auto_labeling/shot/shot_KS_4_act1.avi
2023-10-11 19:53:08,181 - INFO - Success for the video data/processed/auto_labeling/shot/shot_KS_61_act1.avi
2023-10-11 19:53:08,203 - INFO - Success for the video data/processed/auto_labeling/shot/shot_KS_78_act1.avi
2023-10-11 21:08:59,995 - INFO - Success for the video data/processed/auto_labeling/crossing/crossing_KS_132_act2.avi
2023-10-11 21:09:00,018 - INFO - Success for the video data/processed/auto_labeling/crossing/crossing_KS_116_act2.avi
2023-10-11 21:09:00,039 - INFO - Success for the video data/processed/auto_labeling/crossing/crossing_KS_91_act1.avi
2023-10-11 21:09:00,062 - INFO - Success for the video data/processed/auto_labeling/crossing/crossing_KS_62_act2.avi
2023-10-11 21:09:00,075 - INFO - Success for the video data/processed/auto_labeling/crossing/crossing_KS_27_act2.avi
2023-10-11 21:09:00,092 - INFO - Success for the video data/processed/auto_labeling/crossing/crossing_KS_1_act1.avi
2023-10-11 21:09:00,117 - INFO - Success for the video data/processed/auto_labeling/defence/defence_KS_16_act3.avi
2023-10-11 21:09:00,142 - INFO - Success for the video data/processed/auto_labeling/defence/defence_KS_11_act1.avi
2023-10-11 21:09:00,170 - INFO - Success for the video data/processed/auto_labeling/defence/defence_KS_5_act1.avi
2023-10-11 21:09:00,197 - INFO - Success for the video data/processed/auto_labeling/defence/defence_KS_1_act1.avi
2023-10-11 21:09:00,212 - INFO - Success for the video data/processed/auto_labeling/dribbling/dribbling_KS_24_act1.avi
2023-10-11 21:09:00,252 - INFO - Success for the video data/processed/auto_labeling/dribbling/dribbling_KS_16_act1.avi
2023-10-11 21:09:00,266 - INFO - Success for the video data/processed/auto_labeling/dribbling/dribbling_KS_8_act1.avi
2023-10-11 21:09:00,272 - INFO - Success for the video data/processed/auto_labeling/dribbling/dribbling_KS_2_act1.avi
2023-10-11 21:09:00,292 - INFO - Success for the video data/processed/auto_labeling/jump-shot/jump-shot_KS_116_act1.avi
2023-10-11 21:09:00,301 - INFO - Success for the video data/processed/auto_labeling/jump-shot/jump-shot_KS_161_act1.avi
2023-10-11 21:09:00,312 - INFO - Success for the video data/processed/auto_labeling/jump-shot/jump-shot_KS_213_act1.avi
2023-10-11 21:09:00,328 - INFO - Success for the video data/processed/auto_labeling/jump-shot/jump-shot_KS_250_act1.avi
2023-10-11 21:09:00,356 - INFO - Success for the video data/processed/auto_labeling/jump-shot/jump-shot_KS_306_act1.avi
2023-10-11 21:09:00,370 - INFO - Success for the video data/processed/auto_labeling/jump-shot/jump-shot_KS_33_act1.avi
2023-10-11 21:09:00,388 - INFO - Success for the video data/processed/auto_labeling/jump-shot/jump-shot_KS_341_act1.avi
2023-10-11 21:09:00,407 - INFO - Success for the video data/processed/auto_labeling/jump-shot/jump-shot_KS_380_act1.avi
2023-10-11 21:09:00,417 - INFO - Success for the video data/processed/auto_labeling/jump-shot/jump-shot_KS_75_act1.avi
2023-10-11 21:09:00,428 - INFO - Success for the video data/processed/auto_labeling/passing/passing_KS_11_act1.avi
2023-10-11 21:09:00,438 - INFO - Success for the video data/processed/auto_labeling/passing/passing_KS_126_act2.avi
2023-10-11 21:09:00,448 - INFO - Success for the video data/processed/auto_labeling/passing/passing_KS_22_act1.avi
2023-10-11 21:09:00,461 - INFO - Success for the video data/processed/auto_labeling/passing/passing_KS_41_act1.avi
2023-10-11 21:09:00,473 - INFO - Success for the video data/processed/auto_labeling/passing/passing_KS_54_act3.avi
2023-10-11 21:09:00,479 - INFO - Success for the video data/processed/auto_labeling/passing/passing_KS_77_act2.avi
2023-10-11 21:09:00,491 - INFO - Success for the video data/processed/auto_labeling/passing/passing_KS_85_act1.avi
2023-10-11 21:09:00,508 - INFO - Success for the video data/processed/auto_labeling/running/running_KS_48_act1.avi
2023-10-11 21:09:00,525 - INFO - Success for the video data/processed/auto_labeling/running/running_KS_51_act2.avi
2023-10-11 21:09:00,558 - INFO - Success for the video data/processed/auto_labeling/running/running_KS_53_act2.avi
2023-10-11 21:09:00,593 - INFO - Success for the video data/processed/auto_labeling/running/running_KS_55_act2.avi
2023-10-11 21:09:00,612 - INFO - Success for the video data/processed/auto_labeling/shot/shot_KS_104_act1.avi
2023-10-11 21:09:00,626 - INFO - Success for the video data/processed/auto_labeling/shot/shot_KS_24_act1.avi
2023-10-11 21:09:00,638 - INFO - Success for the video data/processed/auto_labeling/shot/shot_KS_41_act1.avi
2023-10-11 21:09:00,648 - INFO - Success for the video data/processed/auto_labeling/shot/shot_KS_4_act1.avi
2023-10-11 21:09:00,669 - INFO - Success for the video data/processed/auto_labeling/shot/shot_KS_61_act1.avi
2023-10-11 21:09:00,691 - INFO - Success for the video data/processed/auto_labeling/shot/shot_KS_78_act1.avi
2023-10-11 21:18:44,052 - INFO - Success for the video data/processed/auto_labeling/crossing/crossing_KS_132_act2.avi
2023-10-11 21:18:44,073 - INFO - Success for the video data/processed/auto_labeling/crossing/crossing_KS_116_act2.avi
2023-10-11 21:18:44,094 - INFO - Success for the video data/processed/auto_labeling/crossing/crossing_KS_91_act1.avi
2023-10-11 21:18:44,116 - INFO - Success for the video data/processed/auto_labeling/crossing/crossing_KS_62_act2.avi
2023-10-11 21:18:44,129 - INFO - Success for the video data/processed/auto_labeling/crossing/crossing_KS_27_act2.avi
2023-10-11 21:18:44,146 - INFO - Success for the video data/processed/auto_labeling/crossing/crossing_KS_1_act1.avi
2023-10-11 21:18:44,171 - INFO - Success for the video data/processed/auto_labeling/defence/defence_KS_16_act3.avi
2023-10-11 21:18:44,195 - INFO - Success for the video data/processed/auto_labeling/defence/defence_KS_11_act1.avi
2023-10-11 21:18:44,223 - INFO - Success for the video data/processed/auto_labeling/defence/defence_KS_5_act1.avi
2023-10-11 21:18:44,248 - INFO - Success for the video data/processed/auto_labeling/defence/defence_KS_1_act1.avi
2023-10-11 21:18:44,263 - INFO - Success for the video data/processed/auto_labeling/dribbling/dribbling_KS_24_act1.avi
2023-10-11 21:18:44,301 - INFO - Success for the video data/processed/auto_labeling/dribbling/dribbling_KS_16_act1.avi
2023-10-11 21:18:44,315 - INFO - Success for the video data/processed/auto_labeling/dribbling/dribbling_KS_8_act1.avi
2023-10-11 21:18:44,321 - INFO - Success for the video data/processed/auto_labeling/dribbling/dribbling_KS_2_act1.avi
2023-10-11 21:18:44,341 - INFO - Success for the video data/processed/auto_labeling/jump-shot/jump-shot_KS_116_act1.avi
2023-10-11 21:18:44,349 - INFO - Success for the video data/processed/auto_labeling/jump-shot/jump-shot_KS_161_act1.avi
2023-10-11 21:18:44,360 - INFO - Success for the video data/processed/auto_labeling/jump-shot/jump-shot_KS_213_act1.avi
2023-10-11 21:18:44,376 - INFO - Success for the video data/processed/auto_labeling/jump-shot/jump-shot_KS_250_act1.avi
2023-10-11 21:18:44,403 - INFO - Success for the video data/processed/auto_labeling/jump-shot/jump-shot_KS_306_act1.avi
2023-10-11 21:18:44,417 - INFO - Success for the video data/processed/auto_labeling/jump-shot/jump-shot_KS_33_act1.avi
2023-10-11 21:18:44,435 - INFO - Success for the video data/processed/auto_labeling/jump-shot/jump-shot_KS_341_act1.avi
2023-10-11 21:18:44,453 - INFO - Success for the video data/processed/auto_labeling/jump-shot/jump-shot_KS_380_act1.avi
2023-10-11 21:18:44,462 - INFO - Success for the video data/processed/auto_labeling/jump-shot/jump-shot_KS_75_act1.avi
2023-10-11 21:18:44,473 - INFO - Success for the video data/processed/auto_labeling/passing/passing_KS_11_act1.avi
2023-10-11 21:18:44,482 - INFO - Success for the video data/processed/auto_labeling/passing/passing_KS_126_act2.avi
2023-10-11 21:18:44,492 - INFO - Success for the video data/processed/auto_labeling/passing/passing_KS_22_act1.avi
2023-10-11 21:18:44,505 - INFO - Success for the video data/processed/auto_labeling/passing/passing_KS_41_act1.avi
2023-10-11 21:18:44,516 - INFO - Success for the video data/processed/auto_labeling/passing/passing_KS_54_act3.avi
2023-10-11 21:18:44,523 - INFO - Success for the video data/processed/auto_labeling/passing/passing_KS_77_act2.avi
2023-10-11 21:18:44,534 - INFO - Success for the video data/processed/auto_labeling/passing/passing_KS_85_act1.avi
2023-10-11 21:18:44,551 - INFO - Success for the video data/processed/auto_labeling/running/running_KS_48_act1.avi
2023-10-11 21:18:44,568 - INFO - Success for the video data/processed/auto_labeling/running/running_KS_51_act2.avi
2023-10-11 21:18:44,601 - INFO - Success for the video data/processed/auto_labeling/running/running_KS_53_act2.avi
2023-10-11 21:18:44,636 - INFO - Success for the video data/processed/auto_labeling/running/running_KS_55_act2.avi
2023-10-11 21:18:44,655 - INFO - Success for the video data/processed/auto_labeling/shot/shot_KS_104_act1.avi
2023-10-11 21:18:44,669 - INFO - Success for the video data/processed/auto_labeling/shot/shot_KS_24_act1.avi
2023-10-11 21:18:44,680 - INFO - Success for the video data/processed/auto_labeling/shot/shot_KS_41_act1.avi
2023-10-11 21:18:44,690 - INFO - Success for the video data/processed/auto_labeling/shot/shot_KS_4_act1.avi
2023-10-11 21:18:44,712 - INFO - Success for the video data/processed/auto_labeling/shot/shot_KS_61_act1.avi
2023-10-11 21:18:44,734 - INFO - Success for the video data/processed/auto_labeling/shot/shot_KS_78_act1.avi
2023-10-11 21:19:30,829 - INFO - Success for the video data/processed/auto_labeling/crossing/crossing_KS_132_act2.avi
2023-10-11 21:19:30,849 - INFO - Success for the video data/processed/auto_labeling/crossing/crossing_KS_116_act2.avi
2023-10-11 21:19:30,869 - INFO - Success for the video data/processed/auto_labeling/crossing/crossing_KS_91_act1.avi
2023-10-11 21:19:30,892 - INFO - Success for the video data/processed/auto_labeling/crossing/crossing_KS_62_act2.avi
2023-10-11 21:19:30,904 - INFO - Success for the video data/processed/auto_labeling/crossing/crossing_KS_27_act2.avi
2023-10-11 21:19:30,922 - INFO - Success for the video data/processed/auto_labeling/crossing/crossing_KS_1_act1.avi
2023-10-11 21:19:30,946 - INFO - Success for the video data/processed/auto_labeling/defence/defence_KS_16_act3.avi
2023-10-11 21:19:30,971 - INFO - Success for the video data/processed/auto_labeling/defence/defence_KS_11_act1.avi
2023-10-11 21:19:30,999 - INFO - Success for the video data/processed/auto_labeling/defence/defence_KS_5_act1.avi
2023-10-11 21:19:31,025 - INFO - Success for the video data/processed/auto_labeling/defence/defence_KS_1_act1.avi
2023-10-11 21:19:31,040 - INFO - Success for the video data/processed/auto_labeling/dribbling/dribbling_KS_24_act1.avi
2023-10-11 21:19:31,079 - INFO - Success for the video data/processed/auto_labeling/dribbling/dribbling_KS_16_act1.avi
2023-10-11 21:19:31,092 - INFO - Success for the video data/processed/auto_labeling/dribbling/dribbling_KS_8_act1.avi
2023-10-11 21:19:31,098 - INFO - Success for the video data/processed/auto_labeling/dribbling/dribbling_KS_2_act1.avi
2023-10-11 21:19:31,118 - INFO - Success for the video data/processed/auto_labeling/jump-shot/jump-shot_KS_116_act1.avi
2023-10-11 21:19:31,127 - INFO - Success for the video data/processed/auto_labeling/jump-shot/jump-shot_KS_161_act1.avi
2023-10-11 21:19:31,138 - INFO - Success for the video data/processed/auto_labeling/jump-shot/jump-shot_KS_213_act1.avi
2023-10-11 21:19:31,154 - INFO - Success for the video data/processed/auto_labeling/jump-shot/jump-shot_KS_250_act1.avi
2023-10-11 21:19:31,181 - INFO - Success for the video data/processed/auto_labeling/jump-shot/jump-shot_KS_306_act1.avi
2023-10-11 21:19:31,196 - INFO - Success for the video data/processed/auto_labeling/jump-shot/jump-shot_KS_33_act1.avi
2023-10-11 21:19:31,214 - INFO - Success for the video data/processed/auto_labeling/jump-shot/jump-shot_KS_341_act1.avi
2023-10-11 21:19:31,232 - INFO - Success for the video data/processed/auto_labeling/jump-shot/jump-shot_KS_380_act1.avi
2023-10-11 21:19:31,241 - INFO - Success for the video data/processed/auto_labeling/jump-shot/jump-shot_KS_75_act1.avi
2023-10-11 21:19:31,252 - INFO - Success for the video data/processed/auto_labeling/passing/passing_KS_11_act1.avi
2023-10-11 21:19:31,261 - INFO - Success for the video data/processed/auto_labeling/passing/passing_KS_126_act2.avi
2023-10-11 21:19:31,272 - INFO - Success for the video data/processed/auto_labeling/passing/passing_KS_22_act1.avi
2023-10-11 21:19:31,286 - INFO - Success for the video data/processed/auto_labeling/passing/passing_KS_41_act1.avi
2023-10-11 21:19:31,300 - INFO - Success for the video data/processed/auto_labeling/passing/passing_KS_54_act3.avi
2023-10-11 21:19:31,307 - INFO - Success for the video data/processed/auto_labeling/passing/passing_KS_77_act2.avi
2023-10-11 21:19:31,318 - INFO - Success for the video data/processed/auto_labeling/passing/passing_KS_85_act1.avi
2023-10-11 21:19:31,336 - INFO - Success for the video data/processed/auto_labeling/running/running_KS_48_act1.avi
2023-10-11 21:19:31,353 - INFO - Success for the video data/processed/auto_labeling/running/running_KS_51_act2.avi
2023-10-11 21:19:31,387 - INFO - Success for the video data/processed/auto_labeling/running/running_KS_53_act2.avi
2023-10-11 21:19:31,426 - INFO - Success for the video data/processed/auto_labeling/running/running_KS_55_act2.avi
2023-10-11 21:19:31,446 - INFO - Success for the video data/processed/auto_labeling/shot/shot_KS_104_act1.avi
2023-10-11 21:19:31,461 - INFO - Success for the video data/processed/auto_labeling/shot/shot_KS_24_act1.avi
2023-10-11 21:19:31,472 - INFO - Success for the video data/processed/auto_labeling/shot/shot_KS_41_act1.avi
2023-10-11 21:19:31,483 - INFO - Success for the video data/processed/auto_labeling/shot/shot_KS_4_act1.avi
2023-10-11 21:19:31,503 - INFO - Success for the video data/processed/auto_labeling/shot/shot_KS_61_act1.avi
2023-10-11 21:19:31,526 - INFO - Success for the video data/processed/auto_labeling/shot/shot_KS_78_act1.avi
2023-10-11 21:20:55,532 - INFO - Success for the video data/processed/auto_labeling/crossing/crossing_KS_132_act2.avi
2023-10-11 21:20:55,555 - INFO - Success for the video data/processed/auto_labeling/crossing/crossing_KS_116_act2.avi
2023-10-11 21:20:55,576 - INFO - Success for the video data/processed/auto_labeling/crossing/crossing_KS_91_act1.avi
2023-10-11 21:20:55,599 - INFO - Success for the video data/processed/auto_labeling/crossing/crossing_KS_62_act2.avi
2023-10-11 21:20:55,611 - INFO - Success for the video data/processed/auto_labeling/crossing/crossing_KS_27_act2.avi
2023-10-11 21:20:55,629 - INFO - Success for the video data/processed/auto_labeling/crossing/crossing_KS_1_act1.avi
2023-10-11 21:20:55,653 - INFO - Success for the video data/processed/auto_labeling/defence/defence_KS_16_act3.avi
2023-10-11 21:20:55,678 - INFO - Success for the video data/processed/auto_labeling/defence/defence_KS_11_act1.avi
2023-10-11 21:20:55,706 - INFO - Success for the video data/processed/auto_labeling/defence/defence_KS_5_act1.avi
2023-10-11 21:20:55,731 - INFO - Success for the video data/processed/auto_labeling/defence/defence_KS_1_act1.avi
2023-10-11 21:20:55,745 - INFO - Success for the video data/processed/auto_labeling/dribbling/dribbling_KS_24_act1.avi
2023-10-11 21:20:55,784 - INFO - Success for the video data/processed/auto_labeling/dribbling/dribbling_KS_16_act1.avi
2023-10-11 21:20:55,797 - INFO - Success for the video data/processed/auto_labeling/dribbling/dribbling_KS_8_act1.avi
2023-10-11 21:20:55,804 - INFO - Success for the video data/processed/auto_labeling/dribbling/dribbling_KS_2_act1.avi
2023-10-11 21:20:55,823 - INFO - Success for the video data/processed/auto_labeling/jump-shot/jump-shot_KS_116_act1.avi
2023-10-11 21:20:55,832 - INFO - Success for the video data/processed/auto_labeling/jump-shot/jump-shot_KS_161_act1.avi
2023-10-11 21:20:55,843 - INFO - Success for the video data/processed/auto_labeling/jump-shot/jump-shot_KS_213_act1.avi
2023-10-11 21:20:55,858 - INFO - Success for the video data/processed/auto_labeling/jump-shot/jump-shot_KS_250_act1.avi
2023-10-11 21:20:55,885 - INFO - Success for the video data/processed/auto_labeling/jump-shot/jump-shot_KS_306_act1.avi
2023-10-11 21:20:55,900 - INFO - Success for the video data/processed/auto_labeling/jump-shot/jump-shot_KS_33_act1.avi
2023-10-11 21:20:55,917 - INFO - Success for the video data/processed/auto_labeling/jump-shot/jump-shot_KS_341_act1.avi
2023-10-11 21:20:55,936 - INFO - Success for the video data/processed/auto_labeling/jump-shot/jump-shot_KS_380_act1.avi
2023-10-11 21:20:55,944 - INFO - Success for the video data/processed/auto_labeling/jump-shot/jump-shot_KS_75_act1.avi
2023-10-11 21:20:55,956 - INFO - Success for the video data/processed/auto_labeling/passing/passing_KS_11_act1.avi
2023-10-11 21:20:55,964 - INFO - Success for the video data/processed/auto_labeling/passing/passing_KS_126_act2.avi
2023-10-11 21:20:55,974 - INFO - Success for the video data/processed/auto_labeling/passing/passing_KS_22_act1.avi
2023-10-11 21:20:55,987 - INFO - Success for the video data/processed/auto_labeling/passing/passing_KS_41_act1.avi
2023-10-11 21:20:55,999 - INFO - Success for the video data/processed/auto_labeling/passing/passing_KS_54_act3.avi
2023-10-11 21:20:56,005 - INFO - Success for the video data/processed/auto_labeling/passing/passing_KS_77_act2.avi
2023-10-11 21:20:56,017 - INFO - Success for the video data/processed/auto_labeling/passing/passing_KS_85_act1.avi
2023-10-11 21:20:56,033 - INFO - Success for the video data/processed/auto_labeling/running/running_KS_48_act1.avi
2023-10-11 21:20:56,050 - INFO - Success for the video data/processed/auto_labeling/running/running_KS_51_act2.avi
2023-10-11 21:20:56,083 - INFO - Success for the video data/processed/auto_labeling/running/running_KS_53_act2.avi
2023-10-11 21:20:56,117 - INFO - Success for the video data/processed/auto_labeling/running/running_KS_55_act2.avi
2023-10-11 21:20:56,136 - INFO - Success for the video data/processed/auto_labeling/shot/shot_KS_104_act1.avi
2023-10-11 21:20:56,150 - INFO - Success for the video data/processed/auto_labeling/shot/shot_KS_24_act1.avi
2023-10-11 21:20:56,162 - INFO - Success for the video data/processed/auto_labeling/shot/shot_KS_41_act1.avi
2023-10-11 21:20:56,172 - INFO - Success for the video data/processed/auto_labeling/shot/shot_KS_4_act1.avi
2023-10-11 21:20:56,193 - INFO - Success for the video data/processed/auto_labeling/shot/shot_KS_61_act1.avi
2023-10-11 21:20:56,214 - INFO - Success for the video data/processed/auto_labeling/shot/shot_KS_78_act1.avi
2023-10-11 21:21:17,955 - INFO - Success for the video data/processed/auto_labeling/crossing/crossing_KS_132_act2.avi
2023-10-11 21:21:17,976 - INFO - Success for the video data/processed/auto_labeling/crossing/crossing_KS_116_act2.avi
2023-10-11 21:21:17,996 - INFO - Success for the video data/processed/auto_labeling/crossing/crossing_KS_91_act1.avi
2023-10-11 21:21:18,019 - INFO - Success for the video data/processed/auto_labeling/crossing/crossing_KS_62_act2.avi
2023-10-11 21:21:18,031 - INFO - Success for the video data/processed/auto_labeling/crossing/crossing_KS_27_act2.avi
2023-10-11 21:21:18,049 - INFO - Success for the video data/processed/auto_labeling/crossing/crossing_KS_1_act1.avi
2023-10-11 21:21:18,074 - INFO - Success for the video data/processed/auto_labeling/defence/defence_KS_16_act3.avi
2023-10-11 21:21:18,099 - INFO - Success for the video data/processed/auto_labeling/defence/defence_KS_11_act1.avi
2023-10-11 21:21:18,127 - INFO - Success for the video data/processed/auto_labeling/defence/defence_KS_5_act1.avi
2023-10-11 21:21:18,152 - INFO - Success for the video data/processed/auto_labeling/defence/defence_KS_1_act1.avi
2023-10-11 21:21:18,167 - INFO - Success for the video data/processed/auto_labeling/dribbling/dribbling_KS_24_act1.avi
2023-10-11 21:21:18,206 - INFO - Success for the video data/processed/auto_labeling/dribbling/dribbling_KS_16_act1.avi
2023-10-11 21:21:18,220 - INFO - Success for the video data/processed/auto_labeling/dribbling/dribbling_KS_8_act1.avi
2023-10-11 21:21:18,226 - INFO - Success for the video data/processed/auto_labeling/dribbling/dribbling_KS_2_act1.avi
2023-10-11 21:21:18,246 - INFO - Success for the video data/processed/auto_labeling/jump-shot/jump-shot_KS_116_act1.avi
2023-10-11 21:21:18,254 - INFO - Success for the video data/processed/auto_labeling/jump-shot/jump-shot_KS_161_act1.avi
2023-10-11 21:21:18,266 - INFO - Success for the video data/processed/auto_labeling/jump-shot/jump-shot_KS_213_act1.avi
2023-10-11 21:21:18,281 - INFO - Success for the video data/processed/auto_labeling/jump-shot/jump-shot_KS_250_act1.avi
2023-10-11 21:21:18,308 - INFO - Success for the video data/processed/auto_labeling/jump-shot/jump-shot_KS_306_act1.avi
2023-10-11 21:21:18,323 - INFO - Success for the video data/processed/auto_labeling/jump-shot/jump-shot_KS_33_act1.avi
2023-10-11 21:21:18,341 - INFO - Success for the video data/processed/auto_labeling/jump-shot/jump-shot_KS_341_act1.avi
2023-10-11 21:21:18,359 - INFO - Success for the video data/processed/auto_labeling/jump-shot/jump-shot_KS_380_act1.avi
2023-10-11 21:21:18,368 - INFO - Success for the video data/processed/auto_labeling/jump-shot/jump-shot_KS_75_act1.avi
2023-10-11 21:21:18,379 - INFO - Success for the video data/processed/auto_labeling/passing/passing_KS_11_act1.avi
2023-10-11 21:21:18,388 - INFO - Success for the video data/processed/auto_labeling/passing/passing_KS_126_act2.avi
2023-10-11 21:21:18,398 - INFO - Success for the video data/processed/auto_labeling/passing/passing_KS_22_act1.avi
2023-10-11 21:21:18,412 - INFO - Success for the video data/processed/auto_labeling/passing/passing_KS_41_act1.avi
2023-10-11 21:21:18,427 - INFO - Success for the video data/processed/auto_labeling/passing/passing_KS_54_act3.avi
2023-10-11 21:21:18,438 - INFO - Success for the video data/processed/auto_labeling/passing/passing_KS_77_act2.avi
2023-10-11 21:21:18,451 - INFO - Success for the video data/processed/auto_labeling/passing/passing_KS_85_act1.avi
2023-10-11 21:21:18,469 - INFO - Success for the video data/processed/auto_labeling/running/running_KS_48_act1.avi
2023-10-11 21:21:18,486 - INFO - Success for the video data/processed/auto_labeling/running/running_KS_51_act2.avi
2023-10-11 21:21:18,520 - INFO - Success for the video data/processed/auto_labeling/running/running_KS_53_act2.avi
2023-10-11 21:21:18,555 - INFO - Success for the video data/processed/auto_labeling/running/running_KS_55_act2.avi
2023-10-11 21:21:18,574 - INFO - Success for the video data/processed/auto_labeling/shot/shot_KS_104_act1.avi
2023-10-11 21:21:18,588 - INFO - Success for the video data/processed/auto_labeling/shot/shot_KS_24_act1.avi
2023-10-11 21:21:18,599 - INFO - Success for the video data/processed/auto_labeling/shot/shot_KS_41_act1.avi
2023-10-11 21:21:18,610 - INFO - Success for the video data/processed/auto_labeling/shot/shot_KS_4_act1.avi
2023-10-11 21:21:18,630 - INFO - Success for the video data/processed/auto_labeling/shot/shot_KS_61_act1.avi
2023-10-11 21:21:18,652 - INFO - Success for the video data/processed/auto_labeling/shot/shot_KS_78_act1.avi
2023-10-11 21:24:18,083 - INFO - Success for the video data/processed/auto_labeling/crossing/crossing_KS_132_act2.avi
2023-10-11 21:24:18,103 - INFO - Success for the video data/processed/auto_labeling/crossing/crossing_KS_116_act2.avi
2023-10-11 21:24:18,123 - INFO - Success for the video data/processed/auto_labeling/crossing/crossing_KS_91_act1.avi
2023-10-11 21:24:18,145 - INFO - Success for the video data/processed/auto_labeling/crossing/crossing_KS_62_act2.avi
2023-10-11 21:24:18,158 - INFO - Success for the video data/processed/auto_labeling/crossing/crossing_KS_27_act2.avi
2023-10-11 21:24:18,175 - INFO - Success for the video data/processed/auto_labeling/crossing/crossing_KS_1_act1.avi
2023-10-11 21:24:18,200 - INFO - Success for the video data/processed/auto_labeling/defence/defence_KS_16_act3.avi
2023-10-11 21:24:18,225 - INFO - Success for the video data/processed/auto_labeling/defence/defence_KS_11_act1.avi
2023-10-11 21:24:18,253 - INFO - Success for the video data/processed/auto_labeling/defence/defence_KS_5_act1.avi
2023-10-11 21:24:18,278 - INFO - Success for the video data/processed/auto_labeling/defence/defence_KS_1_act1.avi
2023-10-11 21:24:18,293 - INFO - Success for the video data/processed/auto_labeling/dribbling/dribbling_KS_24_act1.avi
2023-10-11 21:24:18,331 - INFO - Success for the video data/processed/auto_labeling/dribbling/dribbling_KS_16_act1.avi
2023-10-11 21:24:18,345 - INFO - Success for the video data/processed/auto_labeling/dribbling/dribbling_KS_8_act1.avi
2023-10-11 21:24:18,351 - INFO - Success for the video data/processed/auto_labeling/dribbling/dribbling_KS_2_act1.avi
2023-10-11 21:24:18,372 - INFO - Success for the video data/processed/auto_labeling/jump-shot/jump-shot_KS_116_act1.avi
2023-10-11 21:24:18,380 - INFO - Success for the video data/processed/auto_labeling/jump-shot/jump-shot_KS_161_act1.avi
2023-10-11 21:24:18,391 - INFO - Success for the video data/processed/auto_labeling/jump-shot/jump-shot_KS_213_act1.avi
2023-10-11 21:24:18,406 - INFO - Success for the video data/processed/auto_labeling/jump-shot/jump-shot_KS_250_act1.avi
2023-10-11 21:24:18,434 - INFO - Success for the video data/processed/auto_labeling/jump-shot/jump-shot_KS_306_act1.avi
2023-10-11 21:24:18,448 - INFO - Success for the video data/processed/auto_labeling/jump-shot/jump-shot_KS_33_act1.avi
2023-10-11 21:24:18,466 - INFO - Success for the video data/processed/auto_labeling/jump-shot/jump-shot_KS_341_act1.avi
2023-10-11 21:24:18,485 - INFO - Success for the video data/processed/auto_labeling/jump-shot/jump-shot_KS_380_act1.avi
2023-10-11 21:24:18,494 - INFO - Success for the video data/processed/auto_labeling/jump-shot/jump-shot_KS_75_act1.avi
2023-10-11 21:24:18,505 - INFO - Success for the video data/processed/auto_labeling/passing/passing_KS_11_act1.avi
2023-10-11 21:24:18,514 - INFO - Success for the video data/processed/auto_labeling/passing/passing_KS_126_act2.avi
2023-10-11 21:24:18,523 - INFO - Success for the video data/processed/auto_labeling/passing/passing_KS_22_act1.avi
2023-10-11 21:24:18,537 - INFO - Success for the video data/processed/auto_labeling/passing/passing_KS_41_act1.avi
2023-10-11 21:24:18,548 - INFO - Success for the video data/processed/auto_labeling/passing/passing_KS_54_act3.avi
2023-10-11 21:24:18,555 - INFO - Success for the video data/processed/auto_labeling/passing/passing_KS_77_act2.avi
2023-10-11 21:24:18,566 - INFO - Success for the video data/processed/auto_labeling/passing/passing_KS_85_act1.avi
2023-10-11 21:24:18,584 - INFO - Success for the video data/processed/auto_labeling/running/running_KS_48_act1.avi
2023-10-11 21:24:18,601 - INFO - Success for the video data/processed/auto_labeling/running/running_KS_51_act2.avi
2023-10-11 21:24:18,634 - INFO - Success for the video data/processed/auto_labeling/running/running_KS_53_act2.avi
2023-10-11 21:24:18,668 - INFO - Success for the video data/processed/auto_labeling/running/running_KS_55_act2.avi
2023-10-11 21:24:18,687 - INFO - Success for the video data/processed/auto_labeling/shot/shot_KS_104_act1.avi
2023-10-11 21:24:18,702 - INFO - Success for the video data/processed/auto_labeling/shot/shot_KS_24_act1.avi
2023-10-11 21:24:18,713 - INFO - Success for the video data/processed/auto_labeling/shot/shot_KS_41_act1.avi
2023-10-11 21:24:18,723 - INFO - Success for the video data/processed/auto_labeling/shot/shot_KS_4_act1.avi
2023-10-11 21:24:18,744 - INFO - Success for the video data/processed/auto_labeling/shot/shot_KS_61_act1.avi
2023-10-11 21:24:18,766 - INFO - Success for the video data/processed/auto_labeling/shot/shot_KS_78_act1.avi
2023-10-11 21:27:30,621 - INFO - Success for the video data/processed/auto_labeling/crossing/crossing_KS_132_act2.avi
2023-10-11 21:27:30,642 - INFO - Success for the video data/processed/auto_labeling/crossing/crossing_KS_116_act2.avi
2023-10-11 21:27:30,662 - INFO - Success for the video data/processed/auto_labeling/crossing/crossing_KS_91_act1.avi
2023-10-11 21:27:30,683 - INFO - Success for the video data/processed/auto_labeling/crossing/crossing_KS_62_act2.avi
2023-10-11 21:27:30,696 - INFO - Success for the video data/processed/auto_labeling/crossing/crossing_KS_27_act2.avi
2023-10-11 21:27:30,710 - INFO - Success for the video data/processed/auto_labeling/crossing/crossing_KS_1_act1.avi
2023-10-11 21:27:30,733 - INFO - Success for the video data/processed/auto_labeling/defence/defence_KS_16_act3.avi
2023-10-11 21:27:30,758 - INFO - Success for the video data/processed/auto_labeling/defence/defence_KS_11_act1.avi
2023-10-11 21:27:30,786 - INFO - Success for the video data/processed/auto_labeling/defence/defence_KS_5_act1.avi
2023-10-11 21:27:30,808 - INFO - Success for the video data/processed/auto_labeling/defence/defence_KS_1_act1.avi
2023-10-11 21:27:30,821 - INFO - Success for the video data/processed/auto_labeling/dribbling/dribbling_KS_24_act1.avi
2023-10-11 21:27:30,860 - INFO - Success for the video data/processed/auto_labeling/dribbling/dribbling_KS_16_act1.avi
2023-10-11 21:27:30,873 - INFO - Success for the video data/processed/auto_labeling/dribbling/dribbling_KS_8_act1.avi
2023-10-11 21:27:30,876 - INFO - Success for the video data/processed/auto_labeling/dribbling/dribbling_KS_2_act1.avi
2023-10-11 21:27:30,896 - INFO - Success for the video data/processed/auto_labeling/jump-shot/jump-shot_KS_116_act1.avi
2023-10-11 21:27:30,901 - INFO - Success for the video data/processed/auto_labeling/jump-shot/jump-shot_KS_161_act1.avi
2023-10-11 21:27:30,909 - INFO - Success for the video data/processed/auto_labeling/jump-shot/jump-shot_KS_213_act1.avi
2023-10-11 21:27:30,922 - INFO - Success for the video data/processed/auto_labeling/jump-shot/jump-shot_KS_250_act1.avi
2023-10-11 21:27:30,950 - INFO - Success for the video data/processed/auto_labeling/jump-shot/jump-shot_KS_306_act1.avi
2023-10-11 21:27:30,961 - INFO - Success for the video data/processed/auto_labeling/jump-shot/jump-shot_KS_33_act1.avi
2023-10-11 21:27:30,976 - INFO - Success for the video data/processed/auto_labeling/jump-shot/jump-shot_KS_341_act1.avi
2023-10-11 21:27:30,995 - INFO - Success for the video data/processed/auto_labeling/jump-shot/jump-shot_KS_380_act1.avi
2023-10-11 21:27:30,999 - INFO - Success for the video data/processed/auto_labeling/jump-shot/jump-shot_KS_75_act1.avi
2023-10-11 21:27:31,010 - INFO - Success for the video data/processed/auto_labeling/passing/passing_KS_11_act1.avi
2023-10-11 21:27:31,014 - INFO - Success for the video data/processed/auto_labeling/passing/passing_KS_126_act2.avi
2023-10-11 21:27:31,021 - INFO - Success for the video data/processed/auto_labeling/passing/passing_KS_22_act1.avi
2023-10-11 21:27:31,035 - INFO - Success for the video data/processed/auto_labeling/passing/passing_KS_41_act1.avi
2023-10-11 21:27:31,046 - INFO - Success for the video data/processed/auto_labeling/passing/passing_KS_54_act3.avi
2023-10-11 21:27:31,048 - INFO - Success for the video data/processed/auto_labeling/passing/passing_KS_77_act2.avi
2023-10-11 21:27:31,057 - INFO - Success for the video data/processed/auto_labeling/passing/passing_KS_85_act1.avi
2023-10-11 21:27:31,070 - INFO - Success for the video data/processed/auto_labeling/running/running_KS_48_act1.avi
2023-10-11 21:27:31,086 - INFO - Success for the video data/processed/auto_labeling/running/running_KS_51_act2.avi
2023-10-11 21:27:31,120 - INFO - Success for the video data/processed/auto_labeling/running/running_KS_53_act2.avi
2023-10-11 21:27:31,151 - INFO - Success for the video data/processed/auto_labeling/running/running_KS_55_act2.avi
2023-10-11 21:27:31,169 - INFO - Success for the video data/processed/auto_labeling/shot/shot_KS_104_act1.avi
2023-10-11 21:27:31,183 - INFO - Success for the video data/processed/auto_labeling/shot/shot_KS_24_act1.avi
2023-10-11 21:27:31,192 - INFO - Success for the video data/processed/auto_labeling/shot/shot_KS_41_act1.avi
2023-10-11 21:27:31,199 - INFO - Success for the video data/processed/auto_labeling/shot/shot_KS_4_act1.avi
2023-10-11 21:27:31,219 - INFO - Success for the video data/processed/auto_labeling/shot/shot_KS_61_act1.avi
2023-10-11 21:27:31,241 - INFO - Success for the video data/processed/auto_labeling/shot/shot_KS_78_act1.avi
